<?xml version="1.0" encoding="UTF-8"?>
<testsuite xmlns:xsi="http://www.w3.org/2001/XMLSchema-instance" xsi:noNamespaceSchemaLocation="https://maven.apache.org/surefire/maven-surefire-plugin/xsd/surefire-test-report.xsd" name="com.formacion.spring.hellospring.HellospringApplicationTests" time="11.607" tests="1" errors="0" skipped="0" failures="0">
  <properties>
    <property name="sun.desktop" value="windows"/>
    <property name="awt.toolkit" value="sun.awt.windows.WToolkit"/>
    <property name="file.encoding.pkg" value="sun.io"/>
    <property name="java.specification.version" value="1.8"/>
    <property name="sun.cpu.isalist" value="amd64"/>
    <property name="sun.jnu.encoding" value="Cp1252"/>
    <property name="java.class.path" value="C:\git\Spring-CRUD\target\test-classes;C:\git\Spring-CRUD\target\classes;C:\m2\org\springframework\boot\spring-boot-starter-data-jpa\2.5.7\spring-boot-starter-data-jpa-2.5.7.jar;C:\m2\org\springframework\boot\spring-boot-starter-aop\2.5.7\spring-boot-starter-aop-2.5.7.jar;C:\m2\org\springframework\spring-aop\5.3.13\spring-aop-5.3.13.jar;C:\m2\org\aspectj\aspectjweaver\1.9.7\aspectjweaver-1.9.7.jar;C:\m2\org\springframework\boot\spring-boot-starter-jdbc\2.5.7\spring-boot-starter-jdbc-2.5.7.jar;C:\m2\com\zaxxer\HikariCP\4.0.3\HikariCP-4.0.3.jar;C:\m2\org\springframework\spring-jdbc\5.3.13\spring-jdbc-5.3.13.jar;C:\m2\jakarta\transaction\jakarta.transaction-api\1.3.3\jakarta.transaction-api-1.3.3.jar;C:\m2\jakarta\persistence\jakarta.persistence-api\2.2.3\jakarta.persistence-api-2.2.3.jar;C:\m2\org\hibernate\hibernate-core\5.4.32.Final\hibernate-core-5.4.32.Final.jar;C:\m2\org\jboss\logging\jboss-logging\3.4.2.Final\jboss-logging-3.4.2.Final.jar;C:\m2\org\javassist\javassist\3.27.0-GA\javassist-3.27.0-GA.jar;C:\m2\net\bytebuddy\byte-buddy\1.10.22\byte-buddy-1.10.22.jar;C:\m2\antlr\antlr\2.7.7\antlr-2.7.7.jar;C:\m2\org\jboss\jandex\2.2.3.Final\jandex-2.2.3.Final.jar;C:\m2\org\dom4j\dom4j\2.1.3\dom4j-2.1.3.jar;C:\m2\org\hibernate\common\hibernate-commons-annotations\5.1.2.Final\hibernate-commons-annotations-5.1.2.Final.jar;C:\m2\org\springframework\data\spring-data-jpa\2.5.7\spring-data-jpa-2.5.7.jar;C:\m2\org\springframework\data\spring-data-commons\2.5.7\spring-data-commons-2.5.7.jar;C:\m2\org\springframework\spring-orm\5.3.13\spring-orm-5.3.13.jar;C:\m2\org\springframework\spring-tx\5.3.13\spring-tx-5.3.13.jar;C:\m2\org\springframework\spring-aspects\5.3.13\spring-aspects-5.3.13.jar;C:\m2\org\springframework\boot\spring-boot-starter-web\2.5.7\spring-boot-starter-web-2.5.7.jar;C:\m2\org\springframework\boot\spring-boot-starter\2.5.7\spring-boot-starter-2.5.7.jar;C:\m2\org\springframework\boot\spring-boot-starter-logging\2.5.7\spring-boot-starter-logging-2.5.7.jar;C:\m2\ch\qos\logback\logback-classic\1.2.7\logback-classic-1.2.7.jar;C:\m2\ch\qos\logback\logback-core\1.2.7\logback-core-1.2.7.jar;C:\m2\org\apache\logging\log4j\log4j-to-slf4j\2.14.1\log4j-to-slf4j-2.14.1.jar;C:\m2\org\apache\logging\log4j\log4j-api\2.14.1\log4j-api-2.14.1.jar;C:\m2\org\slf4j\jul-to-slf4j\1.7.32\jul-to-slf4j-1.7.32.jar;C:\m2\jakarta\annotation\jakarta.annotation-api\1.3.5\jakarta.annotation-api-1.3.5.jar;C:\m2\org\yaml\snakeyaml\1.28\snakeyaml-1.28.jar;C:\m2\org\springframework\boot\spring-boot-starter-json\2.5.7\spring-boot-starter-json-2.5.7.jar;C:\m2\com\fasterxml\jackson\core\jackson-databind\2.12.5\jackson-databind-2.12.5.jar;C:\m2\com\fasterxml\jackson\datatype\jackson-datatype-jdk8\2.12.5\jackson-datatype-jdk8-2.12.5.jar;C:\m2\com\fasterxml\jackson\datatype\jackson-datatype-jsr310\2.12.5\jackson-datatype-jsr310-2.12.5.jar;C:\m2\com\fasterxml\jackson\module\jackson-module-parameter-names\2.12.5\jackson-module-parameter-names-2.12.5.jar;C:\m2\org\springframework\boot\spring-boot-starter-tomcat\2.5.7\spring-boot-starter-tomcat-2.5.7.jar;C:\m2\org\apache\tomcat\embed\tomcat-embed-core\9.0.55\tomcat-embed-core-9.0.55.jar;C:\m2\org\apache\tomcat\embed\tomcat-embed-websocket\9.0.55\tomcat-embed-websocket-9.0.55.jar;C:\m2\org\springframework\spring-web\5.3.13\spring-web-5.3.13.jar;C:\m2\org\springframework\spring-webmvc\5.3.13\spring-webmvc-5.3.13.jar;C:\m2\org\springframework\spring-expression\5.3.13\spring-expression-5.3.13.jar;C:\m2\org\springframework\boot\spring-boot-devtools\2.5.7\spring-boot-devtools-2.5.7.jar;C:\m2\org\springframework\boot\spring-boot\2.5.7\spring-boot-2.5.7.jar;C:\m2\org\springframework\boot\spring-boot-autoconfigure\2.5.7\spring-boot-autoconfigure-2.5.7.jar;C:\m2\mysql\mysql-connector-java\8.0.27\mysql-connector-java-8.0.27.jar;C:\m2\org\springframework\boot\spring-boot-starter-test\2.5.7\spring-boot-starter-test-2.5.7.jar;C:\m2\org\springframework\boot\spring-boot-test\2.5.7\spring-boot-test-2.5.7.jar;C:\m2\org\springframework\boot\spring-boot-test-autoconfigure\2.5.7\spring-boot-test-autoconfigure-2.5.7.jar;C:\m2\com\jayway\jsonpath\json-path\2.5.0\json-path-2.5.0.jar;C:\m2\net\minidev\json-smart\2.4.7\json-smart-2.4.7.jar;C:\m2\net\minidev\accessors-smart\2.4.7\accessors-smart-2.4.7.jar;C:\m2\org\ow2\asm\asm\9.1\asm-9.1.jar;C:\m2\jakarta\xml\bind\jakarta.xml.bind-api\2.3.3\jakarta.xml.bind-api-2.3.3.jar;C:\m2\jakarta\activation\jakarta.activation-api\1.2.2\jakarta.activation-api-1.2.2.jar;C:\m2\org\assertj\assertj-core\3.19.0\assertj-core-3.19.0.jar;C:\m2\org\hamcrest\hamcrest\2.2\hamcrest-2.2.jar;C:\m2\org\junit\jupiter\junit-jupiter\5.7.2\junit-jupiter-5.7.2.jar;C:\m2\org\junit\jupiter\junit-jupiter-api\5.7.2\junit-jupiter-api-5.7.2.jar;C:\m2\org\apiguardian\apiguardian-api\1.1.0\apiguardian-api-1.1.0.jar;C:\m2\org\opentest4j\opentest4j\1.2.0\opentest4j-1.2.0.jar;C:\m2\org\junit\platform\junit-platform-commons\1.7.2\junit-platform-commons-1.7.2.jar;C:\m2\org\junit\jupiter\junit-jupiter-params\5.7.2\junit-jupiter-params-5.7.2.jar;C:\m2\org\junit\jupiter\junit-jupiter-engine\5.7.2\junit-jupiter-engine-5.7.2.jar;C:\m2\org\junit\platform\junit-platform-engine\1.7.2\junit-platform-engine-1.7.2.jar;C:\m2\org\mockito\mockito-core\3.9.0\mockito-core-3.9.0.jar;C:\m2\net\bytebuddy\byte-buddy-agent\1.10.22\byte-buddy-agent-1.10.22.jar;C:\m2\org\objenesis\objenesis\3.2\objenesis-3.2.jar;C:\m2\org\mockito\mockito-junit-jupiter\3.9.0\mockito-junit-jupiter-3.9.0.jar;C:\m2\org\skyscreamer\jsonassert\1.5.0\jsonassert-1.5.0.jar;C:\m2\com\vaadin\external\google\android-json\0.0.20131108.vaadin1\android-json-0.0.20131108.vaadin1.jar;C:\m2\org\springframework\spring-core\5.3.13\spring-core-5.3.13.jar;C:\m2\org\springframework\spring-jcl\5.3.13\spring-jcl-5.3.13.jar;C:\m2\org\springframework\spring-test\5.3.13\spring-test-5.3.13.jar;C:\m2\org\xmlunit\xmlunit-core\2.8.3\xmlunit-core-2.8.3.jar;C:\m2\io\springfox\springfox-swagger2\2.9.2\springfox-swagger2-2.9.2.jar;C:\m2\io\swagger\swagger-annotations\1.5.20\swagger-annotations-1.5.20.jar;C:\m2\io\swagger\swagger-models\1.5.20\swagger-models-1.5.20.jar;C:\m2\com\fasterxml\jackson\core\jackson-annotations\2.12.5\jackson-annotations-2.12.5.jar;C:\m2\io\springfox\springfox-spi\2.9.2\springfox-spi-2.9.2.jar;C:\m2\io\springfox\springfox-core\2.9.2\springfox-core-2.9.2.jar;C:\m2\io\springfox\springfox-schema\2.9.2\springfox-schema-2.9.2.jar;C:\m2\io\springfox\springfox-swagger-common\2.9.2\springfox-swagger-common-2.9.2.jar;C:\m2\io\springfox\springfox-spring-web\2.9.2\springfox-spring-web-2.9.2.jar;C:\m2\com\google\guava\guava\20.0\guava-20.0.jar;C:\m2\com\fasterxml\classmate\1.5.1\classmate-1.5.1.jar;C:\m2\org\slf4j\slf4j-api\1.7.32\slf4j-api-1.7.32.jar;C:\m2\org\springframework\plugin\spring-plugin-core\1.2.0.RELEASE\spring-plugin-core-1.2.0.RELEASE.jar;C:\m2\org\springframework\plugin\spring-plugin-metadata\1.2.0.RELEASE\spring-plugin-metadata-1.2.0.RELEASE.jar;C:\m2\org\mapstruct\mapstruct\1.2.0.Final\mapstruct-1.2.0.Final.jar;C:\m2\io\springfox\springfox-swagger-ui\2.9.2\springfox-swagger-ui-2.9.2.jar;C:\m2\org\springframework\cloud\spring-cloud-starter-netflix-eureka-client\3.0.4\spring-cloud-starter-netflix-eureka-client-3.0.4.jar;C:\m2\org\springframework\cloud\spring-cloud-starter\3.0.4\spring-cloud-starter-3.0.4.jar;C:\m2\org\springframework\cloud\spring-cloud-context\3.0.4\spring-cloud-context-3.0.4.jar;C:\m2\org\springframework\cloud\spring-cloud-commons\3.0.4\spring-cloud-commons-3.0.4.jar;C:\m2\org\springframework\security\spring-security-rsa\1.0.10.RELEASE\spring-security-rsa-1.0.10.RELEASE.jar;C:\m2\org\springframework\cloud\spring-cloud-netflix-eureka-client\3.0.4\spring-cloud-netflix-eureka-client-3.0.4.jar;C:\m2\com\netflix\eureka\eureka-client\1.10.16\eureka-client-1.10.16.jar;C:\m2\com\netflix\netflix-commons\netflix-eventbus\0.3.0\netflix-eventbus-0.3.0.jar;C:\m2\com\netflix\netflix-commons\netflix-infix\0.3.0\netflix-infix-0.3.0.jar;C:\m2\commons-jxpath\commons-jxpath\1.3\commons-jxpath-1.3.jar;C:\m2\joda-time\joda-time\2.3\joda-time-2.3.jar;C:\m2\javax\servlet\servlet-api\2.5\servlet-api-2.5.jar;C:\m2\org\antlr\antlr-runtime\3.4\antlr-runtime-3.4.jar;C:\m2\org\antlr\stringtemplate\3.2.1\stringtemplate-3.2.1.jar;C:\m2\com\google\code\gson\gson\2.8.9\gson-2.8.9.jar;C:\m2\org\apache\commons\commons-math\2.2\commons-math-2.2.jar;C:\m2\com\thoughtworks\xstream\xstream\1.4.17\xstream-1.4.17.jar;C:\m2\io\github\x-stream\mxparser\1.2.1\mxparser-1.2.1.jar;C:\m2\xmlpull\xmlpull\1.1.3.1\xmlpull-1.1.3.1.jar;C:\m2\com\netflix\archaius\archaius-core\0.7.6\archaius-core-0.7.6.jar;C:\m2\javax\ws\rs\jsr311-api\1.1.1\jsr311-api-1.1.1.jar;C:\m2\com\netflix\servo\servo-core\0.12.21\servo-core-0.12.21.jar;C:\m2\org\apache\httpcomponents\httpclient\4.5.13\httpclient-4.5.13.jar;C:\m2\org\apache\httpcomponents\httpcore\4.4.14\httpcore-4.4.14.jar;C:\m2\com\google\code\findbugs\jsr305\3.0.2\jsr305-3.0.2.jar;C:\m2\commons-configuration\commons-configuration\1.10\commons-configuration-1.10.jar;C:\m2\commons-lang\commons-lang\2.6\commons-lang-2.6.jar;C:\m2\commons-logging\commons-logging\1.1.1\commons-logging-1.1.1.jar;C:\m2\com\google\inject\guice\4.1.0\guice-4.1.0.jar;C:\m2\javax\inject\javax.inject\1\javax.inject-1.jar;C:\m2\aopalliance\aopalliance\1.0\aopalliance-1.0.jar;C:\m2\com\github\vlsi\compactmap\compactmap\2.0\compactmap-2.0.jar;C:\m2\com\github\andrewoma\dexx\dexx-collections\0.2\dexx-collections-0.2.jar;C:\m2\com\fasterxml\jackson\core\jackson-core\2.12.5\jackson-core-2.12.5.jar;C:\m2\org\codehaus\jettison\jettison\1.4.0\jettison-1.4.0.jar;C:\m2\com\netflix\eureka\eureka-core\1.10.16\eureka-core-1.10.16.jar;C:\m2\com\fasterxml\woodstox\woodstox-core\6.2.1\woodstox-core-6.2.1.jar;C:\m2\org\codehaus\woodstox\stax2-api\4.2.1\stax2-api-4.2.1.jar;C:\m2\org\springframework\cloud\spring-cloud-starter-loadbalancer\3.0.4\spring-cloud-starter-loadbalancer-3.0.4.jar;C:\m2\org\springframework\cloud\spring-cloud-loadbalancer\3.0.4\spring-cloud-loadbalancer-3.0.4.jar;C:\m2\io\projectreactor\reactor-core\3.4.12\reactor-core-3.4.12.jar;C:\m2\org\reactivestreams\reactive-streams\1.0.3\reactive-streams-1.0.3.jar;C:\m2\io\projectreactor\addons\reactor-extra\3.4.5\reactor-extra-3.4.5.jar;C:\m2\org\springframework\boot\spring-boot-starter-cache\2.5.7\spring-boot-starter-cache-2.5.7.jar;C:\m2\org\springframework\spring-context-support\5.3.13\spring-context-support-5.3.13.jar;C:\m2\com\stoyanr\evictor\1.0.0\evictor-1.0.0.jar;C:\m2\org\springframework\boot\spring-boot-starter-validation\2.5.7\spring-boot-starter-validation-2.5.7.jar;C:\m2\org\apache\tomcat\embed\tomcat-embed-el\9.0.55\tomcat-embed-el-9.0.55.jar;C:\m2\org\hibernate\validator\hibernate-validator\6.2.0.Final\hibernate-validator-6.2.0.Final.jar;C:\m2\jakarta\validation\jakarta.validation-api\2.0.2\jakarta.validation-api-2.0.2.jar;C:\m2\org\springframework\security\oauth\spring-security-oauth2\2.3.4.RELEASE\spring-security-oauth2-2.3.4.RELEASE.jar;C:\m2\org\springframework\spring-beans\5.3.13\spring-beans-5.3.13.jar;C:\m2\org\springframework\spring-context\5.3.13\spring-context-5.3.13.jar;C:\m2\org\springframework\security\spring-security-core\5.5.3\spring-security-core-5.5.3.jar;C:\m2\org\springframework\security\spring-security-crypto\5.5.3\spring-security-crypto-5.5.3.jar;C:\m2\org\springframework\security\spring-security-config\5.5.3\spring-security-config-5.5.3.jar;C:\m2\org\springframework\security\spring-security-web\5.5.3\spring-security-web-5.5.3.jar;C:\m2\commons-codec\commons-codec\1.15\commons-codec-1.15.jar;C:\m2\org\codehaus\jackson\jackson-mapper-asl\1.9.13\jackson-mapper-asl-1.9.13.jar;C:\m2\org\codehaus\jackson\jackson-core-asl\1.9.13\jackson-core-asl-1.9.13.jar;C:\m2\org\springframework\security\spring-security-jwt\1.0.9.RELEASE\spring-security-jwt-1.0.9.RELEASE.jar;C:\m2\org\bouncycastle\bcpkix-jdk15on\1.56\bcpkix-jdk15on-1.56.jar;C:\m2\org\bouncycastle\bcprov-jdk15on\1.56\bcprov-jdk15on-1.56.jar;C:\m2\javax\xml\bind\jaxb-api\2.3.1\jaxb-api-2.3.1.jar;C:\m2\javax\activation\javax.activation-api\1.2.0\javax.activation-api-1.2.0.jar;C:\m2\org\glassfish\jaxb\jaxb-runtime\2.3.5\jaxb-runtime-2.3.5.jar;C:\m2\org\glassfish\jaxb\txw2\2.3.5\txw2-2.3.5.jar;C:\m2\com\sun\istack\istack-commons-runtime\3.0.12\istack-commons-runtime-3.0.12.jar;C:\m2\com\sun\activation\jakarta.activation\1.2.2\jakarta.activation-1.2.2.jar;"/>
    <property name="java.vm.vendor" value="Oracle Corporation"/>
    <property name="sun.arch.data.model" value="64"/>
    <property name="user.variant" value=""/>
    <property name="java.vendor.url" value="http://java.oracle.com/"/>
    <property name="user.timezone" value="Europe/Paris"/>
    <property name="java.vm.specification.version" value="1.8"/>
    <property name="os.name" value="Windows 10"/>
    <property name="user.country" value="GB"/>
    <property name="sun.java.launcher" value="SUN_STANDARD"/>
    <property name="sun.boot.library.path" value="C:\jdk1.8.0_161\jre\bin"/>
    <property name="sun.java.command" value="C:\Users\LOCAL_~1\Temp\surefire7752792783790395774\surefirebooter4728711881108316555.jar C:\Users\local_E100655\Temp\surefire7752792783790395774 2022-02-05T11-30-03_237-jvmRun1 surefire2172180034313069tmp surefire_089001819790679152tmp"/>
    <property name="surefire.test.class.path" value="C:\git\Spring-CRUD\target\test-classes;C:\git\Spring-CRUD\target\classes;C:\m2\org\springframework\boot\spring-boot-starter-data-jpa\2.5.7\spring-boot-starter-data-jpa-2.5.7.jar;C:\m2\org\springframework\boot\spring-boot-starter-aop\2.5.7\spring-boot-starter-aop-2.5.7.jar;C:\m2\org\springframework\spring-aop\5.3.13\spring-aop-5.3.13.jar;C:\m2\org\aspectj\aspectjweaver\1.9.7\aspectjweaver-1.9.7.jar;C:\m2\org\springframework\boot\spring-boot-starter-jdbc\2.5.7\spring-boot-starter-jdbc-2.5.7.jar;C:\m2\com\zaxxer\HikariCP\4.0.3\HikariCP-4.0.3.jar;C:\m2\org\springframework\spring-jdbc\5.3.13\spring-jdbc-5.3.13.jar;C:\m2\jakarta\transaction\jakarta.transaction-api\1.3.3\jakarta.transaction-api-1.3.3.jar;C:\m2\jakarta\persistence\jakarta.persistence-api\2.2.3\jakarta.persistence-api-2.2.3.jar;C:\m2\org\hibernate\hibernate-core\5.4.32.Final\hibernate-core-5.4.32.Final.jar;C:\m2\org\jboss\logging\jboss-logging\3.4.2.Final\jboss-logging-3.4.2.Final.jar;C:\m2\org\javassist\javassist\3.27.0-GA\javassist-3.27.0-GA.jar;C:\m2\net\bytebuddy\byte-buddy\1.10.22\byte-buddy-1.10.22.jar;C:\m2\antlr\antlr\2.7.7\antlr-2.7.7.jar;C:\m2\org\jboss\jandex\2.2.3.Final\jandex-2.2.3.Final.jar;C:\m2\org\dom4j\dom4j\2.1.3\dom4j-2.1.3.jar;C:\m2\org\hibernate\common\hibernate-commons-annotations\5.1.2.Final\hibernate-commons-annotations-5.1.2.Final.jar;C:\m2\org\springframework\data\spring-data-jpa\2.5.7\spring-data-jpa-2.5.7.jar;C:\m2\org\springframework\data\spring-data-commons\2.5.7\spring-data-commons-2.5.7.jar;C:\m2\org\springframework\spring-orm\5.3.13\spring-orm-5.3.13.jar;C:\m2\org\springframework\spring-tx\5.3.13\spring-tx-5.3.13.jar;C:\m2\org\springframework\spring-aspects\5.3.13\spring-aspects-5.3.13.jar;C:\m2\org\springframework\boot\spring-boot-starter-web\2.5.7\spring-boot-starter-web-2.5.7.jar;C:\m2\org\springframework\boot\spring-boot-starter\2.5.7\spring-boot-starter-2.5.7.jar;C:\m2\org\springframework\boot\spring-boot-starter-logging\2.5.7\spring-boot-starter-logging-2.5.7.jar;C:\m2\ch\qos\logback\logback-classic\1.2.7\logback-classic-1.2.7.jar;C:\m2\ch\qos\logback\logback-core\1.2.7\logback-core-1.2.7.jar;C:\m2\org\apache\logging\log4j\log4j-to-slf4j\2.14.1\log4j-to-slf4j-2.14.1.jar;C:\m2\org\apache\logging\log4j\log4j-api\2.14.1\log4j-api-2.14.1.jar;C:\m2\org\slf4j\jul-to-slf4j\1.7.32\jul-to-slf4j-1.7.32.jar;C:\m2\jakarta\annotation\jakarta.annotation-api\1.3.5\jakarta.annotation-api-1.3.5.jar;C:\m2\org\yaml\snakeyaml\1.28\snakeyaml-1.28.jar;C:\m2\org\springframework\boot\spring-boot-starter-json\2.5.7\spring-boot-starter-json-2.5.7.jar;C:\m2\com\fasterxml\jackson\core\jackson-databind\2.12.5\jackson-databind-2.12.5.jar;C:\m2\com\fasterxml\jackson\datatype\jackson-datatype-jdk8\2.12.5\jackson-datatype-jdk8-2.12.5.jar;C:\m2\com\fasterxml\jackson\datatype\jackson-datatype-jsr310\2.12.5\jackson-datatype-jsr310-2.12.5.jar;C:\m2\com\fasterxml\jackson\module\jackson-module-parameter-names\2.12.5\jackson-module-parameter-names-2.12.5.jar;C:\m2\org\springframework\boot\spring-boot-starter-tomcat\2.5.7\spring-boot-starter-tomcat-2.5.7.jar;C:\m2\org\apache\tomcat\embed\tomcat-embed-core\9.0.55\tomcat-embed-core-9.0.55.jar;C:\m2\org\apache\tomcat\embed\tomcat-embed-websocket\9.0.55\tomcat-embed-websocket-9.0.55.jar;C:\m2\org\springframework\spring-web\5.3.13\spring-web-5.3.13.jar;C:\m2\org\springframework\spring-webmvc\5.3.13\spring-webmvc-5.3.13.jar;C:\m2\org\springframework\spring-expression\5.3.13\spring-expression-5.3.13.jar;C:\m2\org\springframework\boot\spring-boot-devtools\2.5.7\spring-boot-devtools-2.5.7.jar;C:\m2\org\springframework\boot\spring-boot\2.5.7\spring-boot-2.5.7.jar;C:\m2\org\springframework\boot\spring-boot-autoconfigure\2.5.7\spring-boot-autoconfigure-2.5.7.jar;C:\m2\mysql\mysql-connector-java\8.0.27\mysql-connector-java-8.0.27.jar;C:\m2\org\springframework\boot\spring-boot-starter-test\2.5.7\spring-boot-starter-test-2.5.7.jar;C:\m2\org\springframework\boot\spring-boot-test\2.5.7\spring-boot-test-2.5.7.jar;C:\m2\org\springframework\boot\spring-boot-test-autoconfigure\2.5.7\spring-boot-test-autoconfigure-2.5.7.jar;C:\m2\com\jayway\jsonpath\json-path\2.5.0\json-path-2.5.0.jar;C:\m2\net\minidev\json-smart\2.4.7\json-smart-2.4.7.jar;C:\m2\net\minidev\accessors-smart\2.4.7\accessors-smart-2.4.7.jar;C:\m2\org\ow2\asm\asm\9.1\asm-9.1.jar;C:\m2\jakarta\xml\bind\jakarta.xml.bind-api\2.3.3\jakarta.xml.bind-api-2.3.3.jar;C:\m2\jakarta\activation\jakarta.activation-api\1.2.2\jakarta.activation-api-1.2.2.jar;C:\m2\org\assertj\assertj-core\3.19.0\assertj-core-3.19.0.jar;C:\m2\org\hamcrest\hamcrest\2.2\hamcrest-2.2.jar;C:\m2\org\junit\jupiter\junit-jupiter\5.7.2\junit-jupiter-5.7.2.jar;C:\m2\org\junit\jupiter\junit-jupiter-api\5.7.2\junit-jupiter-api-5.7.2.jar;C:\m2\org\apiguardian\apiguardian-api\1.1.0\apiguardian-api-1.1.0.jar;C:\m2\org\opentest4j\opentest4j\1.2.0\opentest4j-1.2.0.jar;C:\m2\org\junit\platform\junit-platform-commons\1.7.2\junit-platform-commons-1.7.2.jar;C:\m2\org\junit\jupiter\junit-jupiter-params\5.7.2\junit-jupiter-params-5.7.2.jar;C:\m2\org\junit\jupiter\junit-jupiter-engine\5.7.2\junit-jupiter-engine-5.7.2.jar;C:\m2\org\junit\platform\junit-platform-engine\1.7.2\junit-platform-engine-1.7.2.jar;C:\m2\org\mockito\mockito-core\3.9.0\mockito-core-3.9.0.jar;C:\m2\net\bytebuddy\byte-buddy-agent\1.10.22\byte-buddy-agent-1.10.22.jar;C:\m2\org\objenesis\objenesis\3.2\objenesis-3.2.jar;C:\m2\org\mockito\mockito-junit-jupiter\3.9.0\mockito-junit-jupiter-3.9.0.jar;C:\m2\org\skyscreamer\jsonassert\1.5.0\jsonassert-1.5.0.jar;C:\m2\com\vaadin\external\google\android-json\0.0.20131108.vaadin1\android-json-0.0.20131108.vaadin1.jar;C:\m2\org\springframework\spring-core\5.3.13\spring-core-5.3.13.jar;C:\m2\org\springframework\spring-jcl\5.3.13\spring-jcl-5.3.13.jar;C:\m2\org\springframework\spring-test\5.3.13\spring-test-5.3.13.jar;C:\m2\org\xmlunit\xmlunit-core\2.8.3\xmlunit-core-2.8.3.jar;C:\m2\io\springfox\springfox-swagger2\2.9.2\springfox-swagger2-2.9.2.jar;C:\m2\io\swagger\swagger-annotations\1.5.20\swagger-annotations-1.5.20.jar;C:\m2\io\swagger\swagger-models\1.5.20\swagger-models-1.5.20.jar;C:\m2\com\fasterxml\jackson\core\jackson-annotations\2.12.5\jackson-annotations-2.12.5.jar;C:\m2\io\springfox\springfox-spi\2.9.2\springfox-spi-2.9.2.jar;C:\m2\io\springfox\springfox-core\2.9.2\springfox-core-2.9.2.jar;C:\m2\io\springfox\springfox-schema\2.9.2\springfox-schema-2.9.2.jar;C:\m2\io\springfox\springfox-swagger-common\2.9.2\springfox-swagger-common-2.9.2.jar;C:\m2\io\springfox\springfox-spring-web\2.9.2\springfox-spring-web-2.9.2.jar;C:\m2\com\google\guava\guava\20.0\guava-20.0.jar;C:\m2\com\fasterxml\classmate\1.5.1\classmate-1.5.1.jar;C:\m2\org\slf4j\slf4j-api\1.7.32\slf4j-api-1.7.32.jar;C:\m2\org\springframework\plugin\spring-plugin-core\1.2.0.RELEASE\spring-plugin-core-1.2.0.RELEASE.jar;C:\m2\org\springframework\plugin\spring-plugin-metadata\1.2.0.RELEASE\spring-plugin-metadata-1.2.0.RELEASE.jar;C:\m2\org\mapstruct\mapstruct\1.2.0.Final\mapstruct-1.2.0.Final.jar;C:\m2\io\springfox\springfox-swagger-ui\2.9.2\springfox-swagger-ui-2.9.2.jar;C:\m2\org\springframework\cloud\spring-cloud-starter-netflix-eureka-client\3.0.4\spring-cloud-starter-netflix-eureka-client-3.0.4.jar;C:\m2\org\springframework\cloud\spring-cloud-starter\3.0.4\spring-cloud-starter-3.0.4.jar;C:\m2\org\springframework\cloud\spring-cloud-context\3.0.4\spring-cloud-context-3.0.4.jar;C:\m2\org\springframework\cloud\spring-cloud-commons\3.0.4\spring-cloud-commons-3.0.4.jar;C:\m2\org\springframework\security\spring-security-rsa\1.0.10.RELEASE\spring-security-rsa-1.0.10.RELEASE.jar;C:\m2\org\springframework\cloud\spring-cloud-netflix-eureka-client\3.0.4\spring-cloud-netflix-eureka-client-3.0.4.jar;C:\m2\com\netflix\eureka\eureka-client\1.10.16\eureka-client-1.10.16.jar;C:\m2\com\netflix\netflix-commons\netflix-eventbus\0.3.0\netflix-eventbus-0.3.0.jar;C:\m2\com\netflix\netflix-commons\netflix-infix\0.3.0\netflix-infix-0.3.0.jar;C:\m2\commons-jxpath\commons-jxpath\1.3\commons-jxpath-1.3.jar;C:\m2\joda-time\joda-time\2.3\joda-time-2.3.jar;C:\m2\javax\servlet\servlet-api\2.5\servlet-api-2.5.jar;C:\m2\org\antlr\antlr-runtime\3.4\antlr-runtime-3.4.jar;C:\m2\org\antlr\stringtemplate\3.2.1\stringtemplate-3.2.1.jar;C:\m2\com\google\code\gson\gson\2.8.9\gson-2.8.9.jar;C:\m2\org\apache\commons\commons-math\2.2\commons-math-2.2.jar;C:\m2\com\thoughtworks\xstream\xstream\1.4.17\xstream-1.4.17.jar;C:\m2\io\github\x-stream\mxparser\1.2.1\mxparser-1.2.1.jar;C:\m2\xmlpull\xmlpull\1.1.3.1\xmlpull-1.1.3.1.jar;C:\m2\com\netflix\archaius\archaius-core\0.7.6\archaius-core-0.7.6.jar;C:\m2\javax\ws\rs\jsr311-api\1.1.1\jsr311-api-1.1.1.jar;C:\m2\com\netflix\servo\servo-core\0.12.21\servo-core-0.12.21.jar;C:\m2\org\apache\httpcomponents\httpclient\4.5.13\httpclient-4.5.13.jar;C:\m2\org\apache\httpcomponents\httpcore\4.4.14\httpcore-4.4.14.jar;C:\m2\com\google\code\findbugs\jsr305\3.0.2\jsr305-3.0.2.jar;C:\m2\commons-configuration\commons-configuration\1.10\commons-configuration-1.10.jar;C:\m2\commons-lang\commons-lang\2.6\commons-lang-2.6.jar;C:\m2\commons-logging\commons-logging\1.1.1\commons-logging-1.1.1.jar;C:\m2\com\google\inject\guice\4.1.0\guice-4.1.0.jar;C:\m2\javax\inject\javax.inject\1\javax.inject-1.jar;C:\m2\aopalliance\aopalliance\1.0\aopalliance-1.0.jar;C:\m2\com\github\vlsi\compactmap\compactmap\2.0\compactmap-2.0.jar;C:\m2\com\github\andrewoma\dexx\dexx-collections\0.2\dexx-collections-0.2.jar;C:\m2\com\fasterxml\jackson\core\jackson-core\2.12.5\jackson-core-2.12.5.jar;C:\m2\org\codehaus\jettison\jettison\1.4.0\jettison-1.4.0.jar;C:\m2\com\netflix\eureka\eureka-core\1.10.16\eureka-core-1.10.16.jar;C:\m2\com\fasterxml\woodstox\woodstox-core\6.2.1\woodstox-core-6.2.1.jar;C:\m2\org\codehaus\woodstox\stax2-api\4.2.1\stax2-api-4.2.1.jar;C:\m2\org\springframework\cloud\spring-cloud-starter-loadbalancer\3.0.4\spring-cloud-starter-loadbalancer-3.0.4.jar;C:\m2\org\springframework\cloud\spring-cloud-loadbalancer\3.0.4\spring-cloud-loadbalancer-3.0.4.jar;C:\m2\io\projectreactor\reactor-core\3.4.12\reactor-core-3.4.12.jar;C:\m2\org\reactivestreams\reactive-streams\1.0.3\reactive-streams-1.0.3.jar;C:\m2\io\projectreactor\addons\reactor-extra\3.4.5\reactor-extra-3.4.5.jar;C:\m2\org\springframework\boot\spring-boot-starter-cache\2.5.7\spring-boot-starter-cache-2.5.7.jar;C:\m2\org\springframework\spring-context-support\5.3.13\spring-context-support-5.3.13.jar;C:\m2\com\stoyanr\evictor\1.0.0\evictor-1.0.0.jar;C:\m2\org\springframework\boot\spring-boot-starter-validation\2.5.7\spring-boot-starter-validation-2.5.7.jar;C:\m2\org\apache\tomcat\embed\tomcat-embed-el\9.0.55\tomcat-embed-el-9.0.55.jar;C:\m2\org\hibernate\validator\hibernate-validator\6.2.0.Final\hibernate-validator-6.2.0.Final.jar;C:\m2\jakarta\validation\jakarta.validation-api\2.0.2\jakarta.validation-api-2.0.2.jar;C:\m2\org\springframework\security\oauth\spring-security-oauth2\2.3.4.RELEASE\spring-security-oauth2-2.3.4.RELEASE.jar;C:\m2\org\springframework\spring-beans\5.3.13\spring-beans-5.3.13.jar;C:\m2\org\springframework\spring-context\5.3.13\spring-context-5.3.13.jar;C:\m2\org\springframework\security\spring-security-core\5.5.3\spring-security-core-5.5.3.jar;C:\m2\org\springframework\security\spring-security-crypto\5.5.3\spring-security-crypto-5.5.3.jar;C:\m2\org\springframework\security\spring-security-config\5.5.3\spring-security-config-5.5.3.jar;C:\m2\org\springframework\security\spring-security-web\5.5.3\spring-security-web-5.5.3.jar;C:\m2\commons-codec\commons-codec\1.15\commons-codec-1.15.jar;C:\m2\org\codehaus\jackson\jackson-mapper-asl\1.9.13\jackson-mapper-asl-1.9.13.jar;C:\m2\org\codehaus\jackson\jackson-core-asl\1.9.13\jackson-core-asl-1.9.13.jar;C:\m2\org\springframework\security\spring-security-jwt\1.0.9.RELEASE\spring-security-jwt-1.0.9.RELEASE.jar;C:\m2\org\bouncycastle\bcpkix-jdk15on\1.56\bcpkix-jdk15on-1.56.jar;C:\m2\org\bouncycastle\bcprov-jdk15on\1.56\bcprov-jdk15on-1.56.jar;C:\m2\javax\xml\bind\jaxb-api\2.3.1\jaxb-api-2.3.1.jar;C:\m2\javax\activation\javax.activation-api\1.2.0\javax.activation-api-1.2.0.jar;C:\m2\org\glassfish\jaxb\jaxb-runtime\2.3.5\jaxb-runtime-2.3.5.jar;C:\m2\org\glassfish\jaxb\txw2\2.3.5\txw2-2.3.5.jar;C:\m2\com\sun\istack\istack-commons-runtime\3.0.12\istack-commons-runtime-3.0.12.jar;C:\m2\com\sun\activation\jakarta.activation\1.2.2\jakarta.activation-1.2.2.jar;"/>
    <property name="sun.cpu.endian" value="little"/>
    <property name="user.home" value="C:\Users\E100655"/>
    <property name="user.language" value="en"/>
    <property name="java.specification.vendor" value="Oracle Corporation"/>
    <property name="java.home" value="C:\jdk1.8.0_161\jre"/>
    <property name="basedir" value="C:\git\Spring-CRUD"/>
    <property name="file.separator" value="\"/>
    <property name="line.separator" value="&#10;"/>
    <property name="java.vm.specification.vendor" value="Oracle Corporation"/>
    <property name="java.specification.name" value="Java Platform API Specification"/>
    <property name="java.awt.graphicsenv" value="sun.awt.Win32GraphicsEnvironment"/>
    <property name="surefire.real.class.path" value="C:\Users\LOCAL_~1\Temp\surefire7752792783790395774\surefirebooter4728711881108316555.jar"/>
    <property name="sun.boot.class.path" value="C:\jdk1.8.0_161\jre\lib\resources.jar;C:\jdk1.8.0_161\jre\lib\rt.jar;C:\jdk1.8.0_161\jre\lib\sunrsasign.jar;C:\jdk1.8.0_161\jre\lib\jsse.jar;C:\jdk1.8.0_161\jre\lib\jce.jar;C:\jdk1.8.0_161\jre\lib\charsets.jar;C:\jdk1.8.0_161\jre\lib\jfr.jar;C:\jdk1.8.0_161\jre\classes"/>
    <property name="user.script" value=""/>
    <property name="sun.management.compiler" value="HotSpot 64-Bit Tiered Compilers"/>
    <property name="java.runtime.version" value="1.8.0_161-b12"/>
    <property name="user.name" value="E100655"/>
    <property name="path.separator" value=";"/>
    <property name="os.version" value="10.0"/>
    <property name="java.endorsed.dirs" value="C:\jdk1.8.0_161\jre\lib\endorsed"/>
    <property name="java.runtime.name" value="Java(TM) SE Runtime Environment"/>
    <property name="file.encoding" value="Cp1252"/>
    <property name="java.vm.name" value="Java HotSpot(TM) 64-Bit Server VM"/>
    <property name="localRepository" value="C:\m2"/>
    <property name="java.vendor.url.bug" value="http://bugreport.sun.com/bugreport/"/>
    <property name="java.io.tmpdir" value="C:\Users\LOCAL_~1\Temp\"/>
    <property name="java.version" value="1.8.0_161"/>
    <property name="user.dir" value="C:\git\Spring-CRUD"/>
    <property name="os.arch" value="amd64"/>
    <property name="java.vm.specification.name" value="Java Virtual Machine Specification"/>
    <property name="java.awt.printerjob" value="sun.awt.windows.WPrinterJob"/>
    <property name="sun.os.patch.level" value=""/>
    <property name="java.library.path" value="C:\jdk1.8.0_161\jre\bin;C:\WINDOWS\Sun\Java\bin;C:\WINDOWS\system32;C:\WINDOWS;C:\Program Files\Common Files\Oracle\Java\javapath;C:\Program Files\Java\JRE8\bin;C:\Program Files (x86)\Java\JRE8\bin;C:\WINDOWS\system32;C:\WINDOWS;C:\WINDOWS\System32\Wbem;C:\WINDOWS\System32\WindowsPowerShell\v1.0\;C:\WINDOWS\System32\OpenSSH\;C:\Program Files (x86)\Sennheiser\SenncomSDK\;C:\Program Files (x86)\CVArchiverAddin;C:\Program Files\Git\cmd;C:\Program Files\Git\mingw64\bin;C:\Program Files\Git\usr\bin;C:\Program Files (x86)\GitExtensions\;C:\PROGRA~1\IBM\SQLLIB\BIN;C:\PROGRA~1\IBM\SQLLIB\FUNCTION;C:\Program Files (x86)\Webex\Plugins;C:\Program Files\Citrix\System32\;C:\Program Files\Citrix\ICAService\;C:\Program Files\MySQL\MySQL Shell 8.0\bin\;C:\Users\E100655\AppData\Local\Microsoft\WindowsApps;;."/>
    <property name="java.vm.info" value="mixed mode"/>
    <property name="java.vendor" value="Oracle Corporation"/>
    <property name="java.vm.version" value="25.161-b12"/>
    <property name="java.ext.dirs" value="C:\jdk1.8.0_161\jre\lib\ext;C:\WINDOWS\Sun\Java\lib\ext"/>
    <property name="sun.io.unicode.encoding" value="UnicodeLittle"/>
    <property name="java.class.version" value="52.0"/>
  </properties>
  <testcase name="contextLoads" classname="com.formacion.spring.hellospring.HellospringApplicationTests" time="0.104"/>
</testsuite>